/*C73*/SET SCHEMA PUBLIC
INSERT INTO TRANSACTION VALUES('683ce640-fab7-4cdc-8524-f62429bd647f',1000,'Celso','2021-06-09 21:45:39.105591',800.00)
COMMIT
INSERT INTO TRANSACTION VALUES('94c6ff2d-2713-4e70-b389-2a3a24b17ac8',1000,'Celso','2021-06-09 21:48:26.989410',1000.00)
COMMIT
/*C75*/SET SCHEMA PUBLIC
DISCONNECT
/*C76*/SET SCHEMA PUBLIC
DISCONNECT
/*C81*/SET SCHEMA PUBLIC
DISCONNECT
/*C74*/SET SCHEMA PUBLIC
DISCONNECT
/*C82*/SET SCHEMA PUBLIC
DISCONNECT
/*C73*/DISCONNECT
/*C77*/SET SCHEMA PUBLIC
DISCONNECT
/*C78*/SET SCHEMA PUBLIC
DISCONNECT
/*C80*/SET SCHEMA PUBLIC
DISCONNECT
/*C79*/SET SCHEMA PUBLIC
DISCONNECT
